app/build/intermediates/manifest_merge_blame_file/debug/manifest-merger-blame-debug-report.txt
1<?xml version="1.0" encoding="utf-8"?>
2<manifest xmlns:android="http://schemas.android.com/apk/res/android"
3    package="com.greyCloud.ddos"
4    android:versionCode="5"
5    android:versionName="1.5" >
6
7    <uses-sdk
8        android:minSdkVersion="21"
8-->src\main\AndroidManifest.xml
9        android:targetSdkVersion="24" />
9-->src\main\AndroidManifest.xml
10
11    <uses-permission android:name="android.permission.INTERNET" />
11-->src\main\AndroidManifest.xml:5:2-63
11-->src\main\AndroidManifest.xml:5:19-61
12    <uses-permission android:name="android.permission.ACCESS_NETWORK_STATE" />
12-->src\main\AndroidManifest.xml:6:2-75
12-->src\main\AndroidManifest.xml:6:19-73
13    <uses-permission android:name="android.permission.CHANGE_NETWORK_STATE" />
13-->src\main\AndroidManifest.xml:7:2-75
13-->src\main\AndroidManifest.xml:7:19-73
14
15    <application
15-->src\main\AndroidManifest.xml:8:2-22:16
16        android:allowBackup="true"
16-->src\main\AndroidManifest.xml:9:3-29
17        android:debuggable="true"
18        android:icon="@drawable/ic_launcher"
18-->src\main\AndroidManifest.xml:10:3-39
19        android:label="@string/app_name"
19-->src\main\AndroidManifest.xml:11:3-35
20        android:resizeableActivity="true"
20-->src\main\AndroidManifest.xml:13:3-36
21        android:theme="@style/AppTheme" >
21-->src\main\AndroidManifest.xml:12:3-34
22        <activity
22-->src\main\AndroidManifest.xml:14:3-21:14
23            android:name="com.greyCloud.ddos.MainActivity"
23-->src\main\AndroidManifest.xml:15:4-32
24            android:label="@string/app_name" >
24-->src\main\AndroidManifest.xml:16:4-36
25            <intent-filter>
25-->src\main\AndroidManifest.xml:17:4-20:20
26                <action android:name="android.intent.action.MAIN" />
26-->src\main\AndroidManifest.xml:18:5-56
26-->src\main\AndroidManifest.xml:18:13-54
27
28                <category android:name="android.intent.category.LAUNCHER" />
28-->src\main\AndroidManifest.xml:19:5-64
28-->src\main\AndroidManifest.xml:19:15-62
29            </intent-filter>
30        </activity>
31    </application>
32
33</manifest>